server running on port 3000
{ x: 'x-3BNTz',
  _getContent: [Function],
  _getCss: [Function],
  _insertCss: [Function] }
{ x: 'x-3BNTz',
  _getContent: [Function],
  _getCss: [Function],
  _insertCss: [Function] }
{ x: 'x-3BNTz',
  _getContent: [Function],
  _getCss: [Function],
  _insertCss: [Function] }
{ x: 'x-3BNTz',
  _getContent: [Function],
  _getCss: [Function],
  _insertCss: [Function] }
{ x: 'x-3BNTz',
  _getContent: [Function],
  _getCss: [Function],
  _insertCss: [Function] }
{ x: 'x-3BNTz',
  _getContent: [Function],
  _getCss: [Function],
  _insertCss: [Function] }
[Function]
{ headerNav: 'headerNav-3kFb2',
  content: 'content-1DGMl',
  left: 'left-2wsoe',
  img: 'img-2GRZf',
  title: 'title-2lloN',
  right: 'right-1jucD',
  _getContent: [Function],
  _getCss: [Function],
  _insertCss: [Function] }
[Function]
{ container: 'container-2vBNp',
  header: 'header-3wIjM',
  setting: 'setting-R_XYW',
  strategyHeader: 'strategyHeader-WigJE',
  about: 'about-13Q_N',
  _getContent: [Function],
  _getCss: [Function],
  _insertCss: [Function] }
server running on port 3000
[Function]
{ headerNav: 'headerNav-3kFb2',
  content: 'content-1DGMl',
  left: 'left-2wsoe',
  img: 'img-2GRZf',
  title: 'title-2lloN',
  right: 'right-1jucD',
  _getContent: [Function],
  _getCss: [Function],
  _insertCss: [Function] }
[Function]
{ container: 'container-2vBNp',
  header: 'header-3wIjM',
  setting: 'setting-R_XYW',
  strategyHeader: 'strategyHeader-WigJE',
  about: 'about-13Q_N',
  _getContent: [Function],
  _getCss: [Function],
  _insertCss: [Function] }
server running on port 3000
[Function]
{ headerNav: 'headerNav-3kFb2',
  content: 'content-1DGMl',
  left: 'left-2wsoe',
  img: 'img-2GRZf',
  title: 'title-2lloN',
  right: 'right-1jucD',
  _getContent: [Function],
  _getCss: [Function],
  _insertCss: [Function] }
[Function]
{ container: 'container-2vBNp',
  header: 'header-3wIjM',
  setting: 'setting-R_XYW',
  strategyHeader: 'strategyHeader-WigJE',
  about: 'about-13Q_N',
  _getContent: [Function],
  _getCss: [Function],
  _insertCss: [Function] }
server running on port 3000
